<?xml version="1.0" encoding="UTF-8"?>
<testsuite xmlns:xsi="http://www.w3.org/2001/XMLSchema-instance" xsi:noNamespaceSchemaLocation="https://maven.apache.org/surefire/maven-surefire-plugin/xsd/surefire-test-report.xsd" name="com.mycompany.app.AppTest" time="0.014" tests="1" errors="0" skipped="0" failures="0">
  <properties>
    <property name="sun.desktop" value="windows"/>
    <property name="awt.toolkit" value="sun.awt.windows.WToolkit"/>
    <property name="java.specification.version" value="11"/>
    <property name="sun.cpu.isalist" value="amd64"/>
    <property name="sun.jnu.encoding" value="Cp1252"/>
    <property name="java.class.path" value="C:\Users\Justin.000\Development\HospitalPatientGenerator\my-app\target\test-classes;C:\Users\Justin.000\Development\HospitalPatientGenerator\my-app\target\classes;C:\Users\Justin.000\.m2\repository\junit\junit\4.11\junit-4.11.jar;C:\Users\Justin.000\.m2\repository\org\hamcrest\hamcrest-core\1.3\hamcrest-core-1.3.jar;C:\Users\Justin.000\.m2\repository\com\azure\azure-messaging-eventhubs\5.0.1\azure-messaging-eventhubs-5.0.1.jar;C:\Users\Justin.000\.m2\repository\com\azure\azure-core\1.2.0\azure-core-1.2.0.jar;C:\Users\Justin.000\.m2\repository\com\fasterxml\jackson\datatype\jackson-datatype-jsr310\2.10.0\jackson-datatype-jsr310-2.10.0.jar;C:\Users\Justin.000\.m2\repository\com\fasterxml\jackson\core\jackson-annotations\2.10.0\jackson-annotations-2.10.0.jar;C:\Users\Justin.000\.m2\repository\com\fasterxml\jackson\core\jackson-core\2.10.0\jackson-core-2.10.0.jar;C:\Users\Justin.000\.m2\repository\com\fasterxml\jackson\core\jackson-databind\2.10.0\jackson-databind-2.10.0.jar;C:\Users\Justin.000\.m2\repository\com\fasterxml\jackson\dataformat\jackson-dataformat-xml\2.10.0\jackson-dataformat-xml-2.10.0.jar;C:\Users\Justin.000\.m2\repository\com\fasterxml\jackson\module\jackson-module-jaxb-annotations\2.10.0\jackson-module-jaxb-annotations-2.10.0.jar;C:\Users\Justin.000\.m2\repository\jakarta\xml\bind\jakarta.xml.bind-api\2.3.2\jakarta.xml.bind-api-2.3.2.jar;C:\Users\Justin.000\.m2\repository\jakarta\activation\jakarta.activation-api\1.2.1\jakarta.activation-api-1.2.1.jar;C:\Users\Justin.000\.m2\repository\org\codehaus\woodstox\stax2-api\4.2\stax2-api-4.2.jar;C:\Users\Justin.000\.m2\repository\com\fasterxml\woodstox\woodstox-core\6.0.1\woodstox-core-6.0.1.jar;C:\Users\Justin.000\.m2\repository\org\slf4j\slf4j-api\1.7.28\slf4j-api-1.7.28.jar;C:\Users\Justin.000\.m2\repository\io\projectreactor\reactor-core\3.3.0.RELEASE\reactor-core-3.3.0.RELEASE.jar;C:\Users\Justin.000\.m2\repository\org\reactivestreams\reactive-streams\1.0.3\reactive-streams-1.0.3.jar;C:\Users\Justin.000\.m2\repository\io\netty\netty-tcnative-boringssl-static\2.0.26.Final\netty-tcnative-boringssl-static-2.0.26.Final.jar;C:\Users\Justin.000\.m2\repository\com\azure\azure-core-amqp\1.0.1\azure-core-amqp-1.0.1.jar;C:\Users\Justin.000\.m2\repository\com\microsoft\azure\qpid-proton-j-extensions\1.2.2\qpid-proton-j-extensions-1.2.2.jar;C:\Users\Justin.000\.m2\repository\org\apache\qpid\proton-j\0.33.2\proton-j-0.33.2.jar;C:\Users\Justin.000\.m2\repository\com\mashape\unirest\unirest-java\1.3.27\unirest-java-1.3.27.jar;C:\Users\Justin.000\.m2\repository\org\apache\httpcomponents\httpclient\4.3.6\httpclient-4.3.6.jar;C:\Users\Justin.000\.m2\repository\org\apache\httpcomponents\httpcore\4.3.3\httpcore-4.3.3.jar;C:\Users\Justin.000\.m2\repository\commons-logging\commons-logging\1.1.3\commons-logging-1.1.3.jar;C:\Users\Justin.000\.m2\repository\commons-codec\commons-codec\1.6\commons-codec-1.6.jar;C:\Users\Justin.000\.m2\repository\org\apache\httpcomponents\httpasyncclient\4.0.2\httpasyncclient-4.0.2.jar;C:\Users\Justin.000\.m2\repository\org\apache\httpcomponents\httpcore-nio\4.3.2\httpcore-nio-4.3.2.jar;C:\Users\Justin.000\.m2\repository\org\apache\httpcomponents\httpmime\4.3.6\httpmime-4.3.6.jar;C:\Users\Justin.000\.m2\repository\org\json\json\20140107\json-20140107.jar;"/>
    <property name="java.vm.vendor" value="AdoptOpenJDK"/>
    <property name="sun.arch.data.model" value="64"/>
    <property name="user.variant" value=""/>
    <property name="java.vendor.url" value="https://adoptopenjdk.net/"/>
    <property name="user.timezone" value="America/New_York"/>
    <property name="java.vm.specification.version" value="11"/>
    <property name="os.name" value="Windows 10"/>
    <property name="sun.java.launcher" value="SUN_STANDARD"/>
    <property name="user.country" value="CA"/>
    <property name="sun.boot.library.path" value="C:\Program Files\AdoptOpenJDK\jdk-11.0.8.10-hotspot\bin"/>
    <property name="sun.java.command" value="C:\Users\Justin.000\AppData\Local\Temp\surefire2501186109368785534\surefirebooter15500615291128445051.jar C:\Users\Justin.000\AppData\Local\Temp\surefire2501186109368785534 2020-11-11T14-58-21_991-jvmRun1 surefire13538771577151851102tmp surefire_02688895686623534810tmp"/>
    <property name="jdk.debug" value="release"/>
    <property name="surefire.test.class.path" value="C:\Users\Justin.000\Development\HospitalPatientGenerator\my-app\target\test-classes;C:\Users\Justin.000\Development\HospitalPatientGenerator\my-app\target\classes;C:\Users\Justin.000\.m2\repository\junit\junit\4.11\junit-4.11.jar;C:\Users\Justin.000\.m2\repository\org\hamcrest\hamcrest-core\1.3\hamcrest-core-1.3.jar;C:\Users\Justin.000\.m2\repository\com\azure\azure-messaging-eventhubs\5.0.1\azure-messaging-eventhubs-5.0.1.jar;C:\Users\Justin.000\.m2\repository\com\azure\azure-core\1.2.0\azure-core-1.2.0.jar;C:\Users\Justin.000\.m2\repository\com\fasterxml\jackson\datatype\jackson-datatype-jsr310\2.10.0\jackson-datatype-jsr310-2.10.0.jar;C:\Users\Justin.000\.m2\repository\com\fasterxml\jackson\core\jackson-annotations\2.10.0\jackson-annotations-2.10.0.jar;C:\Users\Justin.000\.m2\repository\com\fasterxml\jackson\core\jackson-core\2.10.0\jackson-core-2.10.0.jar;C:\Users\Justin.000\.m2\repository\com\fasterxml\jackson\core\jackson-databind\2.10.0\jackson-databind-2.10.0.jar;C:\Users\Justin.000\.m2\repository\com\fasterxml\jackson\dataformat\jackson-dataformat-xml\2.10.0\jackson-dataformat-xml-2.10.0.jar;C:\Users\Justin.000\.m2\repository\com\fasterxml\jackson\module\jackson-module-jaxb-annotations\2.10.0\jackson-module-jaxb-annotations-2.10.0.jar;C:\Users\Justin.000\.m2\repository\jakarta\xml\bind\jakarta.xml.bind-api\2.3.2\jakarta.xml.bind-api-2.3.2.jar;C:\Users\Justin.000\.m2\repository\jakarta\activation\jakarta.activation-api\1.2.1\jakarta.activation-api-1.2.1.jar;C:\Users\Justin.000\.m2\repository\org\codehaus\woodstox\stax2-api\4.2\stax2-api-4.2.jar;C:\Users\Justin.000\.m2\repository\com\fasterxml\woodstox\woodstox-core\6.0.1\woodstox-core-6.0.1.jar;C:\Users\Justin.000\.m2\repository\org\slf4j\slf4j-api\1.7.28\slf4j-api-1.7.28.jar;C:\Users\Justin.000\.m2\repository\io\projectreactor\reactor-core\3.3.0.RELEASE\reactor-core-3.3.0.RELEASE.jar;C:\Users\Justin.000\.m2\repository\org\reactivestreams\reactive-streams\1.0.3\reactive-streams-1.0.3.jar;C:\Users\Justin.000\.m2\repository\io\netty\netty-tcnative-boringssl-static\2.0.26.Final\netty-tcnative-boringssl-static-2.0.26.Final.jar;C:\Users\Justin.000\.m2\repository\com\azure\azure-core-amqp\1.0.1\azure-core-amqp-1.0.1.jar;C:\Users\Justin.000\.m2\repository\com\microsoft\azure\qpid-proton-j-extensions\1.2.2\qpid-proton-j-extensions-1.2.2.jar;C:\Users\Justin.000\.m2\repository\org\apache\qpid\proton-j\0.33.2\proton-j-0.33.2.jar;C:\Users\Justin.000\.m2\repository\com\mashape\unirest\unirest-java\1.3.27\unirest-java-1.3.27.jar;C:\Users\Justin.000\.m2\repository\org\apache\httpcomponents\httpclient\4.3.6\httpclient-4.3.6.jar;C:\Users\Justin.000\.m2\repository\org\apache\httpcomponents\httpcore\4.3.3\httpcore-4.3.3.jar;C:\Users\Justin.000\.m2\repository\commons-logging\commons-logging\1.1.3\commons-logging-1.1.3.jar;C:\Users\Justin.000\.m2\repository\commons-codec\commons-codec\1.6\commons-codec-1.6.jar;C:\Users\Justin.000\.m2\repository\org\apache\httpcomponents\httpasyncclient\4.0.2\httpasyncclient-4.0.2.jar;C:\Users\Justin.000\.m2\repository\org\apache\httpcomponents\httpcore-nio\4.3.2\httpcore-nio-4.3.2.jar;C:\Users\Justin.000\.m2\repository\org\apache\httpcomponents\httpmime\4.3.6\httpmime-4.3.6.jar;C:\Users\Justin.000\.m2\repository\org\json\json\20140107\json-20140107.jar;"/>
    <property name="sun.cpu.endian" value="little"/>
    <property name="user.home" value="C:\Users\Justin.000"/>
    <property name="user.language" value="en"/>
    <property name="java.specification.vendor" value="Oracle Corporation"/>
    <property name="java.version.date" value="2020-07-14"/>
    <property name="java.home" value="C:\Program Files\AdoptOpenJDK\jdk-11.0.8.10-hotspot"/>
    <property name="file.separator" value="\"/>
    <property name="basedir" value="C:\Users\Justin.000\Development\HospitalPatientGenerator\my-app"/>
    <property name="java.vm.compressedOopsMode" value="Zero based"/>
    <property name="line.separator" value="&#10;"/>
    <property name="java.specification.name" value="Java Platform API Specification"/>
    <property name="java.vm.specification.vendor" value="Oracle Corporation"/>
    <property name="java.awt.graphicsenv" value="sun.awt.Win32GraphicsEnvironment"/>
    <property name="surefire.real.class.path" value="C:\Users\Justin.000\AppData\Local\Temp\surefire2501186109368785534\surefirebooter15500615291128445051.jar"/>
    <property name="user.script" value=""/>
    <property name="sun.management.compiler" value="HotSpot 64-Bit Tiered Compilers"/>
    <property name="java.runtime.version" value="11.0.8+10"/>
    <property name="user.name" value="Justin"/>
    <property name="path.separator" value=";"/>
    <property name="os.version" value="10.0"/>
    <property name="java.runtime.name" value="OpenJDK Runtime Environment"/>
    <property name="file.encoding" value="Cp1252"/>
    <property name="java.vm.name" value="OpenJDK 64-Bit Server VM"/>
    <property name="java.vendor.version" value="AdoptOpenJDK"/>
    <property name="localRepository" value="C:\Users\Justin.000\.m2\repository"/>
    <property name="java.vendor.url.bug" value="https://github.com/AdoptOpenJDK/openjdk-support/issues"/>
    <property name="java.io.tmpdir" value="C:\Users\Justin.000\AppData\Local\Temp\"/>
    <property name="java.version" value="11.0.8"/>
    <property name="user.dir" value="C:\Users\Justin.000\Development\HospitalPatientGenerator\my-app"/>
    <property name="os.arch" value="amd64"/>
    <property name="java.vm.specification.name" value="Java Virtual Machine Specification"/>
    <property name="java.awt.printerjob" value="sun.awt.windows.WPrinterJob"/>
    <property name="sun.os.patch.level" value=""/>
    <property name="java.library.path" value="C:\Program Files\AdoptOpenJDK\jdk-11.0.8.10-hotspot\bin;C:\WINDOWS\Sun\Java\bin;C:\WINDOWS\system32;C:\WINDOWS;C:\Program Files (x86)\Microsoft SDKs\Azure\CLI2\wbin;C:\Program Files\AdoptOpenJDK\jdk-11.0.8.10-hotspot\bin;C:\WINDOWS\system32;C:\WINDOWS;C:\WINDOWS\System32\Wbem;C:\WINDOWS\System32\WindowsPowerShell\v1.0\;C:\WINDOWS\System32\OpenSSH\;C:\Program Files (x86)\Calibre2\;C:\Program Files\dotnet\;C:\Program Files (x86)\Microsoft SQL Server\150\DTS\Binn\;C:\Program Files\Git\cmd;c:\program files\apache-maven-3.x.y\bin;C:\Program Files\nodejs\;C:\Gradle\gradle-6.7\bin;C:\Users\Justin\Anaconda3;C:\Users\Justin\Anaconda3\Library\mingw-w64\bin;C:\Users\Justin\Anaconda3\Library\usr\bin;C:\Users\Justin\Anaconda3\Library\bin;C:\Users\Justin\Anaconda3\Scripts;C:\Users\Justin\AppData\Local\Microsoft\WindowsApps;C:\Users\Justin\AppData\Local\Programs\Azure Data Studio\bin;C:\Users\Justin\AppData\Local\GitHubDesktop\bin;C:\Users\Justin.000\AppData\Local\Microsoft\WindowsApps;C:\Users\Justin.000\AppData\Local\Programs\Azure Data Studio\bin;C:\Users\Justin.000\AppData\Local\Box\Box Edit\;C:\Users\Justin.000\.dotnet\tools;C:\Users\Justin.000\AppData\Local\Programs\Microsoft VS Code\bin;C:\Gradle\gradle-6.7\bin;C:\azcopy_windows_amd64_10.6.0;c:\program files\apache-maven-3.x.y\bin;C:\Program Files\apache-maven-3.6.3\bin;C:\Users\Justin.000\AppData\Roaming\npm;C:\spring-boot-cli-2.3.3.RELEASE-bin\spring-2.3.3.RELEASE\bin;;."/>
    <property name="java.vm.info" value="mixed mode"/>
    <property name="java.vendor" value="AdoptOpenJDK"/>
    <property name="java.vm.version" value="11.0.8+10"/>
    <property name="sun.io.unicode.encoding" value="UnicodeLittle"/>
    <property name="java.class.version" value="55.0"/>
  </properties>
  <testcase name="shouldAnswerWithTrue" classname="com.mycompany.app.AppTest" time="0"/>
</testsuite>